2025-01-09 15:50:34 18756 [Note] Plugin 'FEDERATED' is disabled.
2025-01-09 15:50:34 18756 [Note] InnoDB: Using atomics to ref count buffer pool pages
2025-01-09 15:50:34 18756 [Note] InnoDB: The InnoDB memory heap is disabled
2025-01-09 15:50:34 18756 [Note] InnoDB: Mutexes and rw_locks use Windows interlocked functions
2025-01-09 15:50:34 18756 [Note] InnoDB: Compressed tables use zlib 1.2.3
2025-01-09 15:50:34 18756 [Note] InnoDB: Not using CPU crc32 instructions
2025-01-09 15:50:34 18756 [Note] InnoDB: Initializing buffer pool, size = 128.0M
2025-01-09 15:50:34 18756 [Note] InnoDB: Completed initialization of buffer pool
2025-01-09 15:50:34 18756 [Note] InnoDB: Highest supported file format is Barracuda.
2025-01-09 15:50:34 18756 [Note] InnoDB: 128 rollback segment(s) are active.
2025-01-09 15:50:34 18756 [Note] InnoDB: Waiting for purge to start
2025-01-09 15:50:34 18756 [Note] InnoDB: 5.6.17 started; log sequence number 1625977
2025-01-09 15:50:34 18756 [Warning] No existing UUID has been found, so we assume that this is the first time that this server has been started. Generating a new UUID: 14bb92b3-ce99-11ef-860c-00ffac9adb22.
2025-01-09 15:50:34 18756 [Note] Server hostname (bind-address): '*'; port: 3306
2025-01-09 15:50:34 18756 [Note] IPv6 is available.
2025-01-09 15:50:34 18756 [Note]   - '::' resolves to '::';
2025-01-09 15:50:34 18756 [Note] Server socket created on IP: '::'.
2025-01-09 15:50:34 18756 [Note] Event Scheduler: Loaded 0 events
2025-01-09 15:50:34 18756 [Note] wampmysqld: ready for connections.
Version: '5.6.17'  socket: ''  port: 3306  MySQL Community Server (GPL)
